[2026-04-30T11:29:19Z] Workflow started
[2026-04-30T11:29:19Z] Current branch: main
[2026-04-30T11:29:19Z] Batch size: 5
[2026-04-30T11:29:19Z] Detected command: tiktok-download
[2026-04-30T11:29:19Z] Download mode: normal
[2026-04-30T11:29:19Z] No TikTok cookies secret provided. Trying public download.
[2026-04-30T11:29:19Z] Processing URL #1:
[2026-04-30T11:29:19Z] https://www.tiktok.com/@_/video/7528982947802664222
[TikTok] Extracting URL: https://www.tiktok.com/@_/video/7528982947802664222
[TikTok] 7528982947802664222: Downloading webpage
WARNING: [TikTok] The extractor is attempting impersonation, but no impersonate target is available. If you encounter errors, then see  https://github.com/yt-dlp/yt-dlp#impersonation  for information on installing the required dependencies
[info] 7528982947802664222: Downloading 1 format(s): bytevc1_1080p_1329066-1
[download] Destination: tmp_downloads/maylin.kate/@maylin.kate_2025-07-20_Getting ready after tanning all day＞＞＞_7528982947802664222.mp4
[download]   0.0% of    4.91MiB at  Unknown B/s ETA Unknown[download]   0.1% of    4.91MiB at  Unknown B/s ETA Unknown[download]   0.1% of    4.91MiB at  Unknown B/s ETA Unknown[download]   0.3% of    4.91MiB at   12.27MiB/s ETA 00:00  [download]   0.6% of    4.91MiB at   20.05MiB/s ETA 00:00[download]   1.3% of    4.91MiB at    3.34MiB/s ETA 00:01[download]   2.5% of    4.91MiB at    3.26MiB/s ETA 00:01[download]   5.1% of    4.91MiB at    4.30MiB/s ETA 00:01[download]  10.2% of    4.91MiB at    6.43MiB/s ETA 00:00[download]  20.4% of    4.91MiB at   10.25MiB/s ETA 00:00[download]  40.7% of    4.91MiB at   16.98MiB/s ETA 00:00[download]  81.5% of    4.91MiB at   25.33MiB/s ETA 00:00[download] 100.0% of    4.91MiB at   30.48MiB/s ETA 00:00[download] 100% of    4.91MiB in 00:00:00 at 11.04MiB/s  
[2026-04-30T11:29:21Z] New file downloaded for this URL.
[2026-04-30T11:29:21Z] Removing video files larger than 90MB from: tmp_downloads
[2026-04-30T11:29:21Z] Copying downloaded files to downloads
[2026-04-30T11:29:21Z] Running final commit for remaining files/reports.
[2026-04-30T11:29:21Z] Preparing commit for: final
[2026-04-30T11:29:21Z] Removing video files larger than 90MB from: downloads
